<?xml version="1.0" encoding="UTF-8"?>
<!-- Generated by org.testng.reporters.JUnitReportReporter -->
<testsuite skipped="0" hostname="DESKTOP-86N1T3I" name="com.iNetBanking.TestCases.TC_LoginTest_001" tests="1" failures="0" timestamp="2021-01-24T18:37:27 IST" time="0.250" errors="0">
  <testcase name="loginTest" time="0.250" classname="com.iNetBanking.TestCases.TC_LoginTest_001"/>
  <system-out/>
</testsuite> <!-- com.iNetBanking.TestCases.TC_LoginTest_001 -->
