<?xml version="1.0" encoding="UTF-8"?>
<!-- Generated by org.testng.reporters.JUnitReportReporter -->
<testsuite skipped="0" hostname="DESKTOP-86N1T3I" name="com.iNetBanking.TestCases.TC_AddCustomerTest_002" tests="2" failures="0" timestamp="2021-01-24T18:37:27 IST" time="48.131" errors="0">
  <testcase name="addCustomerTest" time="23.284" classname="com.iNetBanking.TestCases.TC_AddCustomerTest_002"/>
  <system-out/>
  <testcase name="addCustomerTest" time="24.847" classname="com.iNetBanking.TestCases.TC_AddCustomerTest_002"/>
  <system-out/>
</testsuite> <!-- com.iNetBanking.TestCases.TC_AddCustomerTest_002 -->
