<?xml version="1.0" encoding="UTF-8"?>
<!-- Generated by org.testng.reporters.JUnitReportReporter -->
<testsuite skipped="0" hostname="DESKTOP-86N1T3I" name="com.iNetBanking.TestCases.TC_AddCustomerTest_002" tests="2" failures="0" timestamp="2021-01-30T20:40:50 IST" time="60.150" errors="0">
  <testcase name="addCustomerTest" time="30.098" classname="com.iNetBanking.TestCases.TC_AddCustomerTest_002"/>
  <system-out/>
  <testcase name="addCustomerTest" time="30.052" classname="com.iNetBanking.TestCases.TC_AddCustomerTest_002"/>
  <system-out/>
</testsuite> <!-- com.iNetBanking.TestCases.TC_AddCustomerTest_002 -->
